Using pre-set license
Built from '2020.3/staging' branch; Version is '2020.3.13f1 (71691879b7f5) revision 7432472'; Using compiler version '192528614'; Build Type 'Release'
OS: 'Windows 10 Home Single Language; OS build 19043.1889; Version 2009; 64bit' Language: 'pt' Physical Memory: 3981 MB
BatchMode: 1, IsHumanControllingUs: 0, StartBugReporterOnCrash: 0, Is64bit: 1, IsPro: 0

 COMMAND LINE ARGUMENTS:
C:\Program Files\Unity\Hub\Editor\2020.3.13f1\Editor\Unity.exe
-adb2
-batchMode
-noUpm
-name
AssetImportWorker4
-projectPath
D:/Games/TestGame
-logFile
Logs/AssetImportWorker4.log
-srvPort
52127
Successfully changed project path to: D:/Games/TestGame
D:/Games/TestGame
Using Asset Import Pipeline V2.
Refreshing native plugins compatible for Editor in 128.71 ms, found 3 plugins.
Preloading 0 native plugins for Editor in 0.00 ms.
Initialize engine version: 2020.3.13f1 (71691879b7f5)
[Subsystems] Discovering subsystems at path C:/Program Files/Unity/Hub/Editor/2020.3.13f1/Editor/Data/Resources/UnitySubsystems
[Subsystems] Discovering subsystems at path D:/Games/TestGame/Assets
GfxDevice: creating device client; threaded=0
Direct3D:
    Version:  Direct3D 11.0 [level 11.1]
    Renderer: Intel(R) HD Graphics 520 (ID=0x1916)
    Vendor:   
    VRAM:     1990 MB
    Driver:   26.20.100.7212
Initialize mono
Mono path[0] = 'C:/Program Files/Unity/Hub/Editor/2020.3.13f1/Editor/Data/Managed'
Mono path[1] = 'C:/Program Files/Unity/Hub/Editor/2020.3.13f1/Editor/Data/MonoBleedingEdge/lib/mono/unityjit'
Mono config path = 'C:/Program Files/Unity/Hub/Editor/2020.3.13f1/Editor/Data/MonoBleedingEdge/etc'
Using monoOptions --debugger-agent=transport=dt_socket,embedding=1,server=y,suspend=n,address=127.0.0.1:56668
Begin MonoManager ReloadAssembly
Registering precompiled unity dll's ...
Register platform support module: C:/Program Files/Unity/Hub/Editor/2020.3.13f1/Editor/Data/PlaybackEngines/WebGLSupport/UnityEditor.WebGL.Extensions.dll
Register platform support module: C:/Program Files/Unity/Hub/Editor/2020.3.13f1/Editor/Data/PlaybackEngines/WindowsStandaloneSupport/UnityEditor.WindowsStandalone.Extensions.dll
Registered in 0.004676 seconds.
Native extension for WindowsStandalone target not found
Native extension for WebGL target not found
Refreshing native plugins compatible for Editor in 182.80 ms, found 3 plugins.
Preloading 0 native plugins for Editor in 0.00 ms.
Mono: successfully reloaded assembly
- Completed reload, in  5.589 seconds
Platform modules already initialized, skipping
Registering precompiled user dll's ...
Registered in 0.045129 seconds.
Begin MonoManager ReloadAssembly
Native extension for WindowsStandalone target not found
Native extension for WebGL target not found
Refreshing native plugins compatible for Editor in 82.06 ms, found 3 plugins.
Preloading 0 native plugins for Editor in 0.00 ms.
Mono: successfully reloaded assembly
- Completed reload, in  4.077 seconds
Platform modules already initialized, skipping
========================================================================
Worker process is ready to serve import requests
Launched and connected shader compiler UnityShaderCompiler.exe after 0.21 seconds
Refreshing native plugins compatible for Editor in 1.17 ms, found 3 plugins.
Preloading 0 native plugins for Editor in 0.00 ms.
Unloading 2086 Unused Serialized files (Serialized files now loaded: 0)
System memory in use before: 93.1 MB.
System memory in use after: 93.0 MB.

Unloading 33 unused Assets to reduce memory usage. Loaded Objects now: 2521.
Total: 12.574400 ms (FindLiveObjects: 0.490500 ms CreateObjectMapping: 0.437300 ms MarkObjects: 11.244100 ms  DeleteObjects: 0.399900 ms)

AssetImportParameters requested are different than current active one (requested -> active):
  custom:framework-win-MediaFoundation: 216162199b28c13a410421893ffa2e32 -> 
  custom:video-decoder-ogg-theora: a1e56fd34408186e4bbccfd4996cb3dc -> 
  custom:container-muxer-webm: aa71ff27fc2769a1b78a27578f13a17b -> 
  custom:container-demuxer-webm: 4f35f7cbe854078d1ac9338744f61a02 -> 
  custom:container-demuxer-ogg: 62fdf1f143b41e24485cea50d1cbac27 -> 
  custom:video-encoder-webm-vp8: eb34c28f22e8b96e1ab97ce403110664 -> 
  custom:video-decoder-webm-vp8: 9c59270c3fd7afecdb556c50c9e8de78 -> 
  custom:audio-decoder-ogg-vorbis: bf7c407c2cedff20999df2af8eb42d56 -> 
  custom:audio-encoder-webm-vorbis: bf7c407c2cedff20999df2af8eb42d56 -> 
========================================================================
Received Import Request.
  path: Assets/Prefabs/Card1.prefab
  artifactKey: Guid(fef65caeb220d2745a40df00233857f4) Importer(815301076,1909f56bfc062723c751e8b465ee728b)
Start importing Assets/Prefabs/Card1.prefab using Guid(fef65caeb220d2745a40df00233857f4) Importer(815301076,1909f56bfc062723c751e8b465ee728b)  -> (artifact id: '49224d9ef5e44f1e309a4b73f7ca91e1') in 0.529917 seconds 
  Import took 0.571774 seconds .

========================================================================
Received Import Request.
  Time since last request: 0.007159 seconds.
  path: Assets/Prefabs/Card1.prefab
  artifactKey: Guid(fef65caeb220d2745a40df00233857f4) Importer(815301076,1909f56bfc062723c751e8b465ee728b)
Start importing Assets/Prefabs/Card1.prefab using Guid(fef65caeb220d2745a40df00233857f4) Importer(815301076,1909f56bfc062723c751e8b465ee728b)  -> (artifact id: '49224d9ef5e44f1e309a4b73f7ca91e1') in 0.008533 seconds 
  Import took 0.033887 seconds .

========================================================================
Received Import Request.
  Time since last request: 1.510517 seconds.
  path: Assets/Prefabs/Card1.prefab
  artifactKey: Guid(fef65caeb220d2745a40df00233857f4) Importer(815301076,1909f56bfc062723c751e8b465ee728b)
Start importing Assets/Prefabs/Card1.prefab using Guid(fef65caeb220d2745a40df00233857f4) Importer(815301076,1909f56bfc062723c751e8b465ee728b)  -> (artifact id: 'a41db816803e167ae964f83433994a2a') in 0.015997 seconds 
  Import took 0.028544 seconds .

========================================================================
Received Import Request.
  Time since last request: 3.075354 seconds.
  path: Assets/Prefabs/Card1.prefab
  artifactKey: Guid(fef65caeb220d2745a40df00233857f4) Importer(815301076,1909f56bfc062723c751e8b465ee728b)
Start importing Assets/Prefabs/Card1.prefab using Guid(fef65caeb220d2745a40df00233857f4) Importer(815301076,1909f56bfc062723c751e8b465ee728b)  -> (artifact id: 'af4bbb2567f1602f4ea62c1a397c4711') in 0.015608 seconds 
  Import took 0.030259 seconds .

========================================================================
Received Import Request.
  Time since last request: 2.725181 seconds.
  path: Assets/Prefabs/Card1.prefab
  artifactKey: Guid(fef65caeb220d2745a40df00233857f4) Importer(815301076,1909f56bfc062723c751e8b465ee728b)
Start importing Assets/Prefabs/Card1.prefab using Guid(fef65caeb220d2745a40df00233857f4) Importer(815301076,1909f56bfc062723c751e8b465ee728b)  -> (artifact id: '4cbea682ee066e64764308f4cab51f90') in 0.013922 seconds 
  Import took 0.029975 seconds .

========================================================================
Received Import Request.
  Time since last request: 0.003414 seconds.
  path: Assets/Prefabs/Card1.prefab
  artifactKey: Guid(fef65caeb220d2745a40df00233857f4) Importer(815301076,1909f56bfc062723c751e8b465ee728b)
Start importing Assets/Prefabs/Card1.prefab using Guid(fef65caeb220d2745a40df00233857f4) Importer(815301076,1909f56bfc062723c751e8b465ee728b)  -> (artifact id: '4cbea682ee066e64764308f4cab51f90') in 0.012616 seconds 
  Import took 0.022742 seconds .

========================================================================
Received Prepare
Registering precompiled user dll's ...
Registered in 0.040621 seconds.
Begin MonoManager ReloadAssembly
Native extension for WindowsStandalone target not found
Native extension for WebGL target not found
Refreshing native plugins compatible for Editor in 2.26 ms, found 3 plugins.
Preloading 0 native plugins for Editor in 0.00 ms.
Mono: successfully reloaded assembly
- Completed reload, in  2.515 seconds
Platform modules already initialized, skipping
Refreshing native plugins compatible for Editor in 0.66 ms, found 3 plugins.
Preloading 0 native plugins for Editor in 0.00 ms.
Unloading 2081 Unused Serialized files (Serialized files now loaded: 0)
System memory in use before: 93.1 MB.
System memory in use after: 93.0 MB.

Unloading 21 unused Assets to reduce memory usage. Loaded Objects now: 2525.
Total: 13.607800 ms (FindLiveObjects: 0.361300 ms CreateObjectMapping: 0.135100 ms MarkObjects: 12.192900 ms  DeleteObjects: 0.913400 ms)

AssetImportParameters requested are different than current active one (requested -> active):
  custom:framework-win-MediaFoundation: 216162199b28c13a410421893ffa2e32 -> 
  custom:video-decoder-ogg-theora: a1e56fd34408186e4bbccfd4996cb3dc -> 
  custom:container-muxer-webm: aa71ff27fc2769a1b78a27578f13a17b -> 
  custom:container-demuxer-webm: 4f35f7cbe854078d1ac9338744f61a02 -> 
  custom:container-demuxer-ogg: 62fdf1f143b41e24485cea50d1cbac27 -> 
  custom:video-encoder-webm-vp8: eb34c28f22e8b96e1ab97ce403110664 -> 
  custom:video-decoder-webm-vp8: 9c59270c3fd7afecdb556c50c9e8de78 -> 
  custom:audio-decoder-ogg-vorbis: bf7c407c2cedff20999df2af8eb42d56 -> 
  custom:audio-encoder-webm-vorbis: bf7c407c2cedff20999df2af8eb42d56 -> 
========================================================================
Received Prepare
Registering precompiled user dll's ...
Registered in 0.010529 seconds.
Begin MonoManager ReloadAssembly
Native extension for WindowsStandalone target not found
Native extension for WebGL target not found
Refreshing native plugins compatible for Editor in 0.71 ms, found 3 plugins.
Preloading 0 native plugins for Editor in 0.00 ms.
Mono: successfully reloaded assembly
- Completed reload, in  1.855 seconds
Platform modules already initialized, skipping
Refreshing native plugins compatible for Editor in 1.14 ms, found 3 plugins.
Preloading 0 native plugins for Editor in 0.00 ms.
Unloading 2081 Unused Serialized files (Serialized files now loaded: 0)
System memory in use before: 93.1 MB.
System memory in use after: 93.1 MB.

Unloading 21 unused Assets to reduce memory usage. Loaded Objects now: 2529.
Total: 7.698100 ms (FindLiveObjects: 0.601900 ms CreateObjectMapping: 0.482700 ms MarkObjects: 6.393100 ms  DeleteObjects: 0.217900 ms)

AssetImportParameters requested are different than current active one (requested -> active):
  custom:framework-win-MediaFoundation: 216162199b28c13a410421893ffa2e32 -> 
  custom:video-decoder-ogg-theora: a1e56fd34408186e4bbccfd4996cb3dc -> 
  custom:container-muxer-webm: aa71ff27fc2769a1b78a27578f13a17b -> 
  custom:container-demuxer-webm: 4f35f7cbe854078d1ac9338744f61a02 -> 
  custom:container-demuxer-ogg: 62fdf1f143b41e24485cea50d1cbac27 -> 
  custom:video-encoder-webm-vp8: eb34c28f22e8b96e1ab97ce403110664 -> 
  custom:video-decoder-webm-vp8: 9c59270c3fd7afecdb556c50c9e8de78 -> 
  custom:audio-decoder-ogg-vorbis: bf7c407c2cedff20999df2af8eb42d56 -> 
  custom:audio-encoder-webm-vorbis: bf7c407c2cedff20999df2af8eb42d56 -> 
========================================================================
Received Import Request.
  Time since last request: 618.144003 seconds.
  path: Assets/Prefabs/Card1.prefab
  artifactKey: Guid(fef65caeb220d2745a40df00233857f4) Importer(815301076,1909f56bfc062723c751e8b465ee728b)
Start importing Assets/Prefabs/Card1.prefab using Guid(fef65caeb220d2745a40df00233857f4) Importer(815301076,1909f56bfc062723c751e8b465ee728b)  -> (artifact id: 'f5dbce9303cd0ca14a0c29eca21c2086') in 0.162920 seconds 
  Import took 0.179613 seconds .

========================================================================
Received Import Request.
  Time since last request: 5.889734 seconds.
  path: Assets/Prefabs/Card1.prefab
  artifactKey: Guid(fef65caeb220d2745a40df00233857f4) Importer(815301076,1909f56bfc062723c751e8b465ee728b)
Start importing Assets/Prefabs/Card1.prefab using Guid(fef65caeb220d2745a40df00233857f4) Importer(815301076,1909f56bfc062723c751e8b465ee728b)  -> (artifact id: 'c79aee2c58e12fc97d7f4fd283f17f54') in 0.013748 seconds 
  Import took 0.027783 seconds .

========================================================================
Received Import Request.
  Time since last request: 26.915610 seconds.
  path: Assets/Prefabs/Card1.prefab
  artifactKey: Guid(fef65caeb220d2745a40df00233857f4) Importer(815301076,1909f56bfc062723c751e8b465ee728b)
Start importing Assets/Prefabs/Card1.prefab using Guid(fef65caeb220d2745a40df00233857f4) Importer(815301076,1909f56bfc062723c751e8b465ee728b)  -> (artifact id: '7f0e49aa20bf50e0f938a624763ba4a5') in 0.016931 seconds 
  Import took 0.033806 seconds .

========================================================================
Received Import Request.
  Time since last request: 5.117090 seconds.
  path: Assets/Prefabs/Card1.prefab
  artifactKey: Guid(fef65caeb220d2745a40df00233857f4) Importer(815301076,1909f56bfc062723c751e8b465ee728b)
Start importing Assets/Prefabs/Card1.prefab using Guid(fef65caeb220d2745a40df00233857f4) Importer(815301076,1909f56bfc062723c751e8b465ee728b)  -> (artifact id: 'e54b72550b0993dd4fead2288f64c564') in 0.014098 seconds 
  Import took 0.022112 seconds .

========================================================================
Received Import Request.
  Time since last request: 0.055861 seconds.
  path: Assets/Prefabs/Card1.prefab
  artifactKey: Guid(fef65caeb220d2745a40df00233857f4) Importer(815301076,1909f56bfc062723c751e8b465ee728b)
Start importing Assets/Prefabs/Card1.prefab using Guid(fef65caeb220d2745a40df00233857f4) Importer(815301076,1909f56bfc062723c751e8b465ee728b)  -> (artifact id: 'e54b72550b0993dd4fead2288f64c564') in 0.005657 seconds 
  Import took 0.012997 seconds .

========================================================================
Received Import Request.
  Time since last request: 26.170809 seconds.
  path: Assets/Prefabs/Card1.prefab
  artifactKey: Guid(fef65caeb220d2745a40df00233857f4) Importer(815301076,1909f56bfc062723c751e8b465ee728b)
Start importing Assets/Prefabs/Card1.prefab using Guid(fef65caeb220d2745a40df00233857f4) Importer(815301076,1909f56bfc062723c751e8b465ee728b)  -> (artifact id: '9145b59983e0b65687e247355481d785') in 0.009738 seconds 
  Import took 0.017750 seconds .

========================================================================
Received Prepare
Registering precompiled user dll's ...
Registered in 0.034237 seconds.
Begin MonoManager ReloadAssembly
Native extension for WindowsStandalone target not found
Native extension for WebGL target not found
Refreshing native plugins compatible for Editor in 32.39 ms, found 3 plugins.
Preloading 0 native plugins for Editor in 0.00 ms.
Mono: successfully reloaded assembly
- Completed reload, in  9.214 seconds
Platform modules already initialized, skipping
Refreshing native plugins compatible for Editor in 0.68 ms, found 3 plugins.
Preloading 0 native plugins for Editor in 0.00 ms.
Unloading 2081 Unused Serialized files (Serialized files now loaded: 0)
System memory in use before: 93.1 MB.
System memory in use after: 93.1 MB.

Unloading 21 unused Assets to reduce memory usage. Loaded Objects now: 2533.
Total: 4.390100 ms (FindLiveObjects: 0.307300 ms CreateObjectMapping: 0.132700 ms MarkObjects: 3.742300 ms  DeleteObjects: 0.205900 ms)

AssetImportParameters requested are different than current active one (requested -> active):
  custom:framework-win-MediaFoundation: 216162199b28c13a410421893ffa2e32 -> 
  custom:video-decoder-ogg-theora: a1e56fd34408186e4bbccfd4996cb3dc -> 
  custom:container-muxer-webm: aa71ff27fc2769a1b78a27578f13a17b -> 
  custom:container-demuxer-webm: 4f35f7cbe854078d1ac9338744f61a02 -> 
  custom:container-demuxer-ogg: 62fdf1f143b41e24485cea50d1cbac27 -> 
  custom:video-encoder-webm-vp8: eb34c28f22e8b96e1ab97ce403110664 -> 
  custom:video-decoder-webm-vp8: 9c59270c3fd7afecdb556c50c9e8de78 -> 
  custom:audio-decoder-ogg-vorbis: bf7c407c2cedff20999df2af8eb42d56 -> 
  custom:audio-encoder-webm-vorbis: bf7c407c2cedff20999df2af8eb42d56 -> 
========================================================================
Received Prepare
Registering precompiled user dll's ...
Registered in 0.017580 seconds.
Begin MonoManager ReloadAssembly
Native extension for WindowsStandalone target not found
Native extension for WebGL target not found
Refreshing native plugins compatible for Editor in 2.91 ms, found 3 plugins.
Preloading 0 native plugins for Editor in 0.00 ms.
Mono: successfully reloaded assembly
- Completed reload, in  5.478 seconds
Platform modules already initialized, skipping
Refreshing native plugins compatible for Editor in 0.66 ms, found 3 plugins.
Preloading 0 native plugins for Editor in 0.00 ms.
Unloading 2081 Unused Serialized files (Serialized files now loaded: 0)
System memory in use before: 93.1 MB.
System memory in use after: 93.1 MB.

Unloading 21 unused Assets to reduce memory usage. Loaded Objects now: 2537.
Total: 8.511300 ms (FindLiveObjects: 0.492800 ms CreateObjectMapping: 0.229200 ms MarkObjects: 7.454300 ms  DeleteObjects: 0.332200 ms)

AssetImportParameters requested are different than current active one (requested -> active):
  custom:framework-win-MediaFoundation: 216162199b28c13a410421893ffa2e32 -> 
  custom:video-decoder-ogg-theora: a1e56fd34408186e4bbccfd4996cb3dc -> 
  custom:container-muxer-webm: aa71ff27fc2769a1b78a27578f13a17b -> 
  custom:container-demuxer-webm: 4f35f7cbe854078d1ac9338744f61a02 -> 
  custom:container-demuxer-ogg: 62fdf1f143b41e24485cea50d1cbac27 -> 
  custom:video-encoder-webm-vp8: eb34c28f22e8b96e1ab97ce403110664 -> 
  custom:video-decoder-webm-vp8: 9c59270c3fd7afecdb556c50c9e8de78 -> 
  custom:audio-decoder-ogg-vorbis: bf7c407c2cedff20999df2af8eb42d56 -> 
  custom:audio-encoder-webm-vorbis: bf7c407c2cedff20999df2af8eb42d56 -> 
========================================================================
Received Import Request.
  Time since last request: 1068.277393 seconds.
  path: Assets/Prefabs/Card1.prefab
  artifactKey: Guid(fef65caeb220d2745a40df00233857f4) Importer(815301076,1909f56bfc062723c751e8b465ee728b)
Start importing Assets/Prefabs/Card1.prefab using Guid(fef65caeb220d2745a40df00233857f4) Importer(815301076,1909f56bfc062723c751e8b465ee728b)  -> (artifact id: 'ea98a29ae5d0653ca71c70d49ec61e9e') in 0.103380 seconds 
  Import took 0.118112 seconds .

========================================================================
Received Import Request.
  Time since last request: 0.019913 seconds.
  path: Assets/Prefabs/Card1.prefab
  artifactKey: Guid(fef65caeb220d2745a40df00233857f4) Importer(815301076,1909f56bfc062723c751e8b465ee728b)
Start importing Assets/Prefabs/Card1.prefab using Guid(fef65caeb220d2745a40df00233857f4) Importer(815301076,1909f56bfc062723c751e8b465ee728b)  -> (artifact id: 'ea98a29ae5d0653ca71c70d49ec61e9e') in 0.007746 seconds 
  Import took 0.014532 seconds .

========================================================================
Received Import Request.
  Time since last request: 109.205958 seconds.
  path: Assets/Prefabs/Card1.prefab
  artifactKey: Guid(fef65caeb220d2745a40df00233857f4) Importer(815301076,1909f56bfc062723c751e8b465ee728b)
Start importing Assets/Prefabs/Card1.prefab using Guid(fef65caeb220d2745a40df00233857f4) Importer(815301076,1909f56bfc062723c751e8b465ee728b)  -> (artifact id: 'b2563b6649aa3f295154c8a17aa97af5') in 0.010664 seconds 
  Import took 0.021320 seconds .

========================================================================
Received Import Request.
  Time since last request: 0.020493 seconds.
  path: Assets/Prefabs/Card1.prefab
  artifactKey: Guid(fef65caeb220d2745a40df00233857f4) Importer(815301076,1909f56bfc062723c751e8b465ee728b)
Start importing Assets/Prefabs/Card1.prefab using Guid(fef65caeb220d2745a40df00233857f4) Importer(815301076,1909f56bfc062723c751e8b465ee728b)  -> (artifact id: 'b2563b6649aa3f295154c8a17aa97af5') in 0.005967 seconds 
  Import took 0.012923 seconds .

========================================================================
Received Import Request.
  Time since last request: 82.711837 seconds.
  path: Assets/Prefabs/Card1.prefab
  artifactKey: Guid(fef65caeb220d2745a40df00233857f4) Importer(815301076,1909f56bfc062723c751e8b465ee728b)
Start importing Assets/Prefabs/Card1.prefab using Guid(fef65caeb220d2745a40df00233857f4) Importer(815301076,1909f56bfc062723c751e8b465ee728b)  -> (artifact id: '4b582a3325cfd2444f7bb97a01cdf7bc') in 0.009711 seconds 
  Import took 0.021812 seconds .

========================================================================
Received Import Request.
  Time since last request: 0.008968 seconds.
  path: Assets/Prefabs/Card1.prefab
  artifactKey: Guid(fef65caeb220d2745a40df00233857f4) Importer(815301076,1909f56bfc062723c751e8b465ee728b)
Start importing Assets/Prefabs/Card1.prefab using Guid(fef65caeb220d2745a40df00233857f4) Importer(815301076,1909f56bfc062723c751e8b465ee728b)  -> (artifact id: '4b582a3325cfd2444f7bb97a01cdf7bc') in 0.006550 seconds 
  Import took 0.013636 seconds .

========================================================================
Received Import Request.
  Time since last request: 14.749436 seconds.
  path: Assets/Prefabs/Card1.prefab
  artifactKey: Guid(fef65caeb220d2745a40df00233857f4) Importer(815301076,1909f56bfc062723c751e8b465ee728b)
Start importing Assets/Prefabs/Card1.prefab using Guid(fef65caeb220d2745a40df00233857f4) Importer(815301076,1909f56bfc062723c751e8b465ee728b)  -> (artifact id: '12e219fd4c13ca82ee65f96ed72cd331') in 0.007238 seconds 
  Import took 0.018428 seconds .

========================================================================
Received Import Request.
  Time since last request: 0.015044 seconds.
  path: Assets/Prefabs/Card1.prefab
  artifactKey: Guid(fef65caeb220d2745a40df00233857f4) Importer(815301076,1909f56bfc062723c751e8b465ee728b)
Start importing Assets/Prefabs/Card1.prefab using Guid(fef65caeb220d2745a40df00233857f4) Importer(815301076,1909f56bfc062723c751e8b465ee728b)  -> (artifact id: '12e219fd4c13ca82ee65f96ed72cd331') in 0.006803 seconds 
  Import took 0.014121 seconds .

========================================================================
Received Import Request.
  Time since last request: 116.352175 seconds.
  path: Assets/Prefabs/Card1.prefab
  artifactKey: Guid(fef65caeb220d2745a40df00233857f4) Importer(815301076,1909f56bfc062723c751e8b465ee728b)
Start importing Assets/Prefabs/Card1.prefab using Guid(fef65caeb220d2745a40df00233857f4) Importer(815301076,1909f56bfc062723c751e8b465ee728b)  -> (artifact id: '11a6c54efc9ee03000911166228e2c28') in 0.013476 seconds 
  Import took 0.027851 seconds .

========================================================================
Received Import Request.
  Time since last request: 37.070123 seconds.
  path: Assets/Prefabs/Card1.prefab
  artifactKey: Guid(fef65caeb220d2745a40df00233857f4) Importer(815301076,1909f56bfc062723c751e8b465ee728b)
Start importing Assets/Prefabs/Card1.prefab using Guid(fef65caeb220d2745a40df00233857f4) Importer(815301076,1909f56bfc062723c751e8b465ee728b)  -> (artifact id: '30093a9376a9dc128d0202d8062e2e03') in 0.006787 seconds 
  Import took 0.023061 seconds .

========================================================================
Received Import Request.
  Time since last request: 0.031447 seconds.
  path: Assets/Prefabs/Card1.prefab
  artifactKey: Guid(fef65caeb220d2745a40df00233857f4) Importer(815301076,1909f56bfc062723c751e8b465ee728b)
Start importing Assets/Prefabs/Card1.prefab using Guid(fef65caeb220d2745a40df00233857f4) Importer(815301076,1909f56bfc062723c751e8b465ee728b)  -> (artifact id: '30093a9376a9dc128d0202d8062e2e03') in 0.008041 seconds 
  Import took 0.022488 seconds .

========================================================================
Received Import Request.
  Time since last request: 24.622193 seconds.
  path: Assets/Prefabs/Card1.prefab
  artifactKey: Guid(fef65caeb220d2745a40df00233857f4) Importer(815301076,1909f56bfc062723c751e8b465ee728b)
Start importing Assets/Prefabs/Card1.prefab using Guid(fef65caeb220d2745a40df00233857f4) Importer(815301076,1909f56bfc062723c751e8b465ee728b)  -> (artifact id: '897c05790946792b4cf5521f17fc5f06') in 0.013157 seconds 
  Import took 0.020946 seconds .

========================================================================
Received Import Request.
  Time since last request: 60.722623 seconds.
  path: Assets/Prefabs/Card1.prefab
  artifactKey: Guid(fef65caeb220d2745a40df00233857f4) Importer(815301076,1909f56bfc062723c751e8b465ee728b)
Start importing Assets/Prefabs/Card1.prefab using Guid(fef65caeb220d2745a40df00233857f4) Importer(815301076,1909f56bfc062723c751e8b465ee728b)  -> (artifact id: 'cfd84f0e08adb712db4afacdb8cc07b1') in 0.019363 seconds 
  Import took 0.050300 seconds .

========================================================================
Received Import Request.
  Time since last request: 6.673050 seconds.
  path: Assets/Prefabs/Card1.prefab
  artifactKey: Guid(fef65caeb220d2745a40df00233857f4) Importer(815301076,1909f56bfc062723c751e8b465ee728b)
Start importing Assets/Prefabs/Card1.prefab using Guid(fef65caeb220d2745a40df00233857f4) Importer(815301076,1909f56bfc062723c751e8b465ee728b)  -> (artifact id: '5309ad57f902c363606275de54857022') in 0.010347 seconds 
  Import took 0.023232 seconds .

========================================================================
Received Import Request.
  Time since last request: 24.739297 seconds.
  path: Assets/Prefabs/Card1.prefab
  artifactKey: Guid(fef65caeb220d2745a40df00233857f4) Importer(815301076,1909f56bfc062723c751e8b465ee728b)
Start importing Assets/Prefabs/Card1.prefab using Guid(fef65caeb220d2745a40df00233857f4) Importer(815301076,1909f56bfc062723c751e8b465ee728b)  -> (artifact id: '05ce9a2936e6b8521ddfa1634a2d81d4') in 0.016997 seconds 
  Import took 0.046629 seconds .

========================================================================
Received Import Request.
  Time since last request: 1.006529 seconds.
  path: Assets/Prefabs/Card1.prefab
  artifactKey: Guid(fef65caeb220d2745a40df00233857f4) Importer(815301076,1909f56bfc062723c751e8b465ee728b)
Start importing Assets/Prefabs/Card1.prefab using Guid(fef65caeb220d2745a40df00233857f4) Importer(815301076,1909f56bfc062723c751e8b465ee728b)  -> (artifact id: '5e1bc5fd84c058563a99022802011c61') in 0.028202 seconds 
  Import took 0.103640 seconds .

========================================================================
Received Import Request.
  Time since last request: 2.504998 seconds.
  path: Assets/Prefabs/Card1.prefab
  artifactKey: Guid(fef65caeb220d2745a40df00233857f4) Importer(815301076,1909f56bfc062723c751e8b465ee728b)
Start importing Assets/Prefabs/Card1.prefab using Guid(fef65caeb220d2745a40df00233857f4) Importer(815301076,1909f56bfc062723c751e8b465ee728b)  -> (artifact id: '329ad7f47f44a0252b76c1989e7d4727') in 0.016645 seconds 
  Import took 0.047025 seconds .

========================================================================
Received Import Request.
  Time since last request: 89.047524 seconds.
  path: Assets/Prefabs/Area.prefab
  artifactKey: Guid(1ca41d60910dbbd43ad67be86f08105b) Importer(815301076,1909f56bfc062723c751e8b465ee728b)
Start importing Assets/Prefabs/Area.prefab using Guid(1ca41d60910dbbd43ad67be86f08105b) Importer(815301076,1909f56bfc062723c751e8b465ee728b)  -> (artifact id: 'fb917e5789be992bbc38b76708859d5f') in 0.017093 seconds 
  Import took 0.027789 seconds .

========================================================================
Received Import Request.
  Time since last request: 59.930384 seconds.
  path: Assets/Prefabs/Area.prefab
  artifactKey: Guid(1ca41d60910dbbd43ad67be86f08105b) Importer(815301076,1909f56bfc062723c751e8b465ee728b)
Start importing Assets/Prefabs/Area.prefab using Guid(1ca41d60910dbbd43ad67be86f08105b) Importer(815301076,1909f56bfc062723c751e8b465ee728b)  -> (artifact id: '6a825e933b6d5b7951a1d00ac397b107') in 0.008195 seconds 
  Import took 0.021052 seconds .

========================================================================
Received Import Request.
  Time since last request: 39.109310 seconds.
  path: Assets/Prefabs/Area.prefab
  artifactKey: Guid(1ca41d60910dbbd43ad67be86f08105b) Importer(815301076,1909f56bfc062723c751e8b465ee728b)
Start importing Assets/Prefabs/Area.prefab using Guid(1ca41d60910dbbd43ad67be86f08105b) Importer(815301076,1909f56bfc062723c751e8b465ee728b)  -> (artifact id: 'a2d701251277581611ffa55bef254302') in 0.009263 seconds 
  Import took 0.019610 seconds .

========================================================================
Received Prepare
Registering precompiled user dll's ...
Registered in 0.008918 seconds.
Begin MonoManager ReloadAssembly
Native extension for WindowsStandalone target not found
Native extension for WebGL target not found
Refreshing native plugins compatible for Editor in 0.84 ms, found 3 plugins.
Preloading 0 native plugins for Editor in 0.00 ms.
Mono: successfully reloaded assembly
- Completed reload, in  2.160 seconds
Platform modules already initialized, skipping
Refreshing native plugins compatible for Editor in 0.70 ms, found 3 plugins.
Preloading 0 native plugins for Editor in 0.00 ms.
Unloading 2081 Unused Serialized files (Serialized files now loaded: 0)
System memory in use before: 93.2 MB.
System memory in use after: 93.1 MB.

Unloading 21 unused Assets to reduce memory usage. Loaded Objects now: 2541.
Total: 5.453800 ms (FindLiveObjects: 0.304100 ms CreateObjectMapping: 0.154400 ms MarkObjects: 4.761700 ms  DeleteObjects: 0.231500 ms)

AssetImportParameters requested are different than current active one (requested -> active):
  custom:framework-win-MediaFoundation: 216162199b28c13a410421893ffa2e32 -> 
  custom:video-decoder-ogg-theora: a1e56fd34408186e4bbccfd4996cb3dc -> 
  custom:container-muxer-webm: aa71ff27fc2769a1b78a27578f13a17b -> 
  custom:container-demuxer-webm: 4f35f7cbe854078d1ac9338744f61a02 -> 
  custom:container-demuxer-ogg: 62fdf1f143b41e24485cea50d1cbac27 -> 
  custom:video-encoder-webm-vp8: eb34c28f22e8b96e1ab97ce403110664 -> 
  custom:video-decoder-webm-vp8: 9c59270c3fd7afecdb556c50c9e8de78 -> 
  custom:audio-decoder-ogg-vorbis: bf7c407c2cedff20999df2af8eb42d56 -> 
  custom:audio-encoder-webm-vorbis: bf7c407c2cedff20999df2af8eb42d56 -> 
========================================================================
Received Prepare
Registering precompiled user dll's ...
Registered in 0.011856 seconds.
Begin MonoManager ReloadAssembly
Native extension for WindowsStandalone target not found
Native extension for WebGL target not found
Refreshing native plugins compatible for Editor in 0.68 ms, found 3 plugins.
Preloading 0 native plugins for Editor in 0.00 ms.
Mono: successfully reloaded assembly
- Completed reload, in  2.297 seconds
Platform modules already initialized, skipping
Refreshing native plugins compatible for Editor in 0.70 ms, found 3 plugins.
Preloading 0 native plugins for Editor in 0.00 ms.
Unloading 2081 Unused Serialized files (Serialized files now loaded: 0)
System memory in use before: 93.2 MB.
System memory in use after: 93.2 MB.

Unloading 21 unused Assets to reduce memory usage. Loaded Objects now: 2545.
Total: 4.476100 ms (FindLiveObjects: 0.340700 ms CreateObjectMapping: 0.132900 ms MarkObjects: 3.824200 ms  DeleteObjects: 0.176700 ms)

AssetImportParameters requested are different than current active one (requested -> active):
  custom:framework-win-MediaFoundation: 216162199b28c13a410421893ffa2e32 -> 
  custom:video-decoder-ogg-theora: a1e56fd34408186e4bbccfd4996cb3dc -> 
  custom:container-muxer-webm: aa71ff27fc2769a1b78a27578f13a17b -> 
  custom:container-demuxer-webm: 4f35f7cbe854078d1ac9338744f61a02 -> 
  custom:container-demuxer-ogg: 62fdf1f143b41e24485cea50d1cbac27 -> 
  custom:video-encoder-webm-vp8: eb34c28f22e8b96e1ab97ce403110664 -> 
  custom:video-decoder-webm-vp8: 9c59270c3fd7afecdb556c50c9e8de78 -> 
  custom:audio-decoder-ogg-vorbis: bf7c407c2cedff20999df2af8eb42d56 -> 
  custom:audio-encoder-webm-vorbis: bf7c407c2cedff20999df2af8eb42d56 -> 
========================================================================
Received Prepare
Registering precompiled user dll's ...
Registered in 0.008364 seconds.
Begin MonoManager ReloadAssembly
Native extension for WindowsStandalone target not found
Native extension for WebGL target not found
Refreshing native plugins compatible for Editor in 0.73 ms, found 3 plugins.
Preloading 0 native plugins for Editor in 0.00 ms.
Mono: successfully reloaded assembly
- Completed reload, in  2.674 seconds
Platform modules already initialized, skipping
Refreshing native plugins compatible for Editor in 0.64 ms, found 3 plugins.
Preloading 0 native plugins for Editor in 0.00 ms.
Unloading 2081 Unused Serialized files (Serialized files now loaded: 0)
System memory in use before: 93.2 MB.
System memory in use after: 93.2 MB.

Unloading 21 unused Assets to reduce memory usage. Loaded Objects now: 2549.
Total: 9.900500 ms (FindLiveObjects: 0.284100 ms CreateObjectMapping: 0.271200 ms MarkObjects: 9.147000 ms  DeleteObjects: 0.196400 ms)

AssetImportParameters requested are different than current active one (requested -> active):
  custom:framework-win-MediaFoundation: 216162199b28c13a410421893ffa2e32 -> 
  custom:video-decoder-ogg-theora: a1e56fd34408186e4bbccfd4996cb3dc -> 
  custom:container-muxer-webm: aa71ff27fc2769a1b78a27578f13a17b -> 
  custom:container-demuxer-webm: 4f35f7cbe854078d1ac9338744f61a02 -> 
  custom:container-demuxer-ogg: 62fdf1f143b41e24485cea50d1cbac27 -> 
  custom:video-encoder-webm-vp8: eb34c28f22e8b96e1ab97ce403110664 -> 
  custom:video-decoder-webm-vp8: 9c59270c3fd7afecdb556c50c9e8de78 -> 
  custom:audio-decoder-ogg-vorbis: bf7c407c2cedff20999df2af8eb42d56 -> 
  custom:audio-encoder-webm-vorbis: bf7c407c2cedff20999df2af8eb42d56 -> 
========================================================================
Received Prepare
Registering precompiled user dll's ...
Registered in 0.005866 seconds.
Begin MonoManager ReloadAssembly
Native extension for WindowsStandalone target not found
Native extension for WebGL target not found
Refreshing native plugins compatible for Editor in 0.77 ms, found 3 plugins.
Preloading 0 native plugins for Editor in 0.00 ms.
Mono: successfully reloaded assembly
- Completed reload, in  1.753 seconds
Platform modules already initialized, skipping
Refreshing native plugins compatible for Editor in 0.72 ms, found 3 plugins.
Preloading 0 native plugins for Editor in 0.00 ms.
Unloading 2081 Unused Serialized files (Serialized files now loaded: 0)
System memory in use before: 93.2 MB.
System memory in use after: 93.2 MB.

Unloading 21 unused Assets to reduce memory usage. Loaded Objects now: 2553.
Total: 7.782900 ms (FindLiveObjects: 0.474700 ms CreateObjectMapping: 0.219200 ms MarkObjects: 6.819400 ms  DeleteObjects: 0.264000 ms)

AssetImportParameters requested are different than current active one (requested -> active):
  custom:framework-win-MediaFoundation: 216162199b28c13a410421893ffa2e32 -> 
  custom:video-decoder-ogg-theora: a1e56fd34408186e4bbccfd4996cb3dc -> 
  custom:container-muxer-webm: aa71ff27fc2769a1b78a27578f13a17b -> 
  custom:container-demuxer-webm: 4f35f7cbe854078d1ac9338744f61a02 -> 
  custom:container-demuxer-ogg: 62fdf1f143b41e24485cea50d1cbac27 -> 
  custom:video-encoder-webm-vp8: eb34c28f22e8b96e1ab97ce403110664 -> 
  custom:video-decoder-webm-vp8: 9c59270c3fd7afecdb556c50c9e8de78 -> 
  custom:audio-decoder-ogg-vorbis: bf7c407c2cedff20999df2af8eb42d56 -> 
  custom:audio-encoder-webm-vorbis: bf7c407c2cedff20999df2af8eb42d56 -> 
========================================================================
Received Prepare
Registering precompiled user dll's ...
Registered in 0.006682 seconds.
Begin MonoManager ReloadAssembly
Native extension for WindowsStandalone target not found
Native extension for WebGL target not found
Refreshing native plugins compatible for Editor in 1.09 ms, found 3 plugins.
Preloading 0 native plugins for Editor in 0.00 ms.
Mono: successfully reloaded assembly
- Completed reload, in  2.173 seconds
Platform modules already initialized, skipping
Refreshing native plugins compatible for Editor in 1.07 ms, found 3 plugins.
Preloading 0 native plugins for Editor in 0.00 ms.
Unloading 2081 Unused Serialized files (Serialized files now loaded: 0)
System memory in use before: 93.2 MB.
System memory in use after: 93.2 MB.

Unloading 21 unused Assets to reduce memory usage. Loaded Objects now: 2557.
Total: 5.812000 ms (FindLiveObjects: 0.449300 ms CreateObjectMapping: 0.199000 ms MarkObjects: 4.899500 ms  DeleteObjects: 0.261600 ms)

AssetImportParameters requested are different than current active one (requested -> active):
  custom:framework-win-MediaFoundation: 216162199b28c13a410421893ffa2e32 -> 
  custom:video-decoder-ogg-theora: a1e56fd34408186e4bbccfd4996cb3dc -> 
  custom:container-muxer-webm: aa71ff27fc2769a1b78a27578f13a17b -> 
  custom:container-demuxer-webm: 4f35f7cbe854078d1ac9338744f61a02 -> 
  custom:container-demuxer-ogg: 62fdf1f143b41e24485cea50d1cbac27 -> 
  custom:video-encoder-webm-vp8: eb34c28f22e8b96e1ab97ce403110664 -> 
  custom:video-decoder-webm-vp8: 9c59270c3fd7afecdb556c50c9e8de78 -> 
  custom:audio-decoder-ogg-vorbis: bf7c407c2cedff20999df2af8eb42d56 -> 
  custom:audio-encoder-webm-vorbis: bf7c407c2cedff20999df2af8eb42d56 -> 
========================================================================
Received Prepare
Registering precompiled user dll's ...
Registered in 0.005738 seconds.
Begin MonoManager ReloadAssembly
Native extension for WindowsStandalone target not found
Native extension for WebGL target not found
Refreshing native plugins compatible for Editor in 0.73 ms, found 3 plugins.
Preloading 0 native plugins for Editor in 0.00 ms.
Mono: successfully reloaded assembly
- Completed reload, in  2.171 seconds
Platform modules already initialized, skipping
Refreshing native plugins compatible for Editor in 0.83 ms, found 3 plugins.
Preloading 0 native plugins for Editor in 0.00 ms.
Unloading 2081 Unused Serialized files (Serialized files now loaded: 0)
System memory in use before: 93.2 MB.
System memory in use after: 93.2 MB.

Unloading 21 unused Assets to reduce memory usage. Loaded Objects now: 2561.
Total: 5.278400 ms (FindLiveObjects: 0.420600 ms CreateObjectMapping: 0.206200 ms MarkObjects: 4.482300 ms  DeleteObjects: 0.166700 ms)

AssetImportParameters requested are different than current active one (requested -> active):
  custom:framework-win-MediaFoundation: 216162199b28c13a410421893ffa2e32 -> 
  custom:video-decoder-ogg-theora: a1e56fd34408186e4bbccfd4996cb3dc -> 
  custom:container-muxer-webm: aa71ff27fc2769a1b78a27578f13a17b -> 
  custom:container-demuxer-webm: 4f35f7cbe854078d1ac9338744f61a02 -> 
  custom:container-demuxer-ogg: 62fdf1f143b41e24485cea50d1cbac27 -> 
  custom:video-encoder-webm-vp8: eb34c28f22e8b96e1ab97ce403110664 -> 
  custom:video-decoder-webm-vp8: 9c59270c3fd7afecdb556c50c9e8de78 -> 
  custom:audio-decoder-ogg-vorbis: bf7c407c2cedff20999df2af8eb42d56 -> 
  custom:audio-encoder-webm-vorbis: bf7c407c2cedff20999df2af8eb42d56 -> 
========================================================================
Received Prepare
Registering precompiled user dll's ...
Registered in 0.006256 seconds.
Begin MonoManager ReloadAssembly
Native extension for WindowsStandalone target not found
Native extension for WebGL target not found
Refreshing native plugins compatible for Editor in 0.74 ms, found 3 plugins.
Preloading 0 native plugins for Editor in 0.00 ms.
Mono: successfully reloaded assembly
- Completed reload, in  2.006 seconds
Platform modules already initialized, skipping
Refreshing native plugins compatible for Editor in 0.72 ms, found 3 plugins.
Preloading 0 native plugins for Editor in 0.00 ms.
Unloading 2081 Unused Serialized files (Serialized files now loaded: 0)
System memory in use before: 93.2 MB.
System memory in use after: 93.2 MB.

Unloading 21 unused Assets to reduce memory usage. Loaded Objects now: 2565.
Total: 6.425900 ms (FindLiveObjects: 0.783800 ms CreateObjectMapping: 0.312300 ms MarkObjects: 5.150800 ms  DeleteObjects: 0.176800 ms)

AssetImportParameters requested are different than current active one (requested -> active):
  custom:framework-win-MediaFoundation: 216162199b28c13a410421893ffa2e32 -> 
  custom:video-decoder-ogg-theora: a1e56fd34408186e4bbccfd4996cb3dc -> 
  custom:container-muxer-webm: aa71ff27fc2769a1b78a27578f13a17b -> 
  custom:container-demuxer-webm: 4f35f7cbe854078d1ac9338744f61a02 -> 
  custom:container-demuxer-ogg: 62fdf1f143b41e24485cea50d1cbac27 -> 
  custom:video-encoder-webm-vp8: eb34c28f22e8b96e1ab97ce403110664 -> 
  custom:video-decoder-webm-vp8: 9c59270c3fd7afecdb556c50c9e8de78 -> 
  custom:audio-decoder-ogg-vorbis: bf7c407c2cedff20999df2af8eb42d56 -> 
  custom:audio-encoder-webm-vorbis: bf7c407c2cedff20999df2af8eb42d56 -> 
========================================================================
Received Prepare
Registering precompiled user dll's ...
Registered in 0.006409 seconds.
Begin MonoManager ReloadAssembly
Native extension for WindowsStandalone target not found
Native extension for WebGL target not found
Refreshing native plugins compatible for Editor in 1.16 ms, found 3 plugins.
Preloading 0 native plugins for Editor in 0.00 ms.
Mono: successfully reloaded assembly
- Completed reload, in  2.821 seconds
Platform modules already initialized, skipping
Refreshing native plugins compatible for Editor in 0.83 ms, found 3 plugins.
Preloading 0 native plugins for Editor in 0.00 ms.
Unloading 2081 Unused Serialized files (Serialized files now loaded: 0)
System memory in use before: 93.2 MB.
System memory in use after: 93.2 MB.

Unloading 21 unused Assets to reduce memory usage. Loaded Objects now: 2569.
Total: 7.897900 ms (FindLiveObjects: 3.087600 ms CreateObjectMapping: 0.512700 ms MarkObjects: 4.063600 ms  DeleteObjects: 0.231300 ms)

AssetImportParameters requested are different than current active one (requested -> active):
  custom:framework-win-MediaFoundation: 216162199b28c13a410421893ffa2e32 -> 
  custom:video-decoder-ogg-theora: a1e56fd34408186e4bbccfd4996cb3dc -> 
  custom:container-muxer-webm: aa71ff27fc2769a1b78a27578f13a17b -> 
  custom:container-demuxer-webm: 4f35f7cbe854078d1ac9338744f61a02 -> 
  custom:container-demuxer-ogg: 62fdf1f143b41e24485cea50d1cbac27 -> 
  custom:video-encoder-webm-vp8: eb34c28f22e8b96e1ab97ce403110664 -> 
  custom:video-decoder-webm-vp8: 9c59270c3fd7afecdb556c50c9e8de78 -> 
  custom:audio-decoder-ogg-vorbis: bf7c407c2cedff20999df2af8eb42d56 -> 
  custom:audio-encoder-webm-vorbis: bf7c407c2cedff20999df2af8eb42d56 -> 
========================================================================
Received Prepare
Registering precompiled user dll's ...
Registered in 0.007080 seconds.
Begin MonoManager ReloadAssembly
Native extension for WindowsStandalone target not found
Native extension for WebGL target not found
Refreshing native plugins compatible for Editor in 1.28 ms, found 3 plugins.
Preloading 0 native plugins for Editor in 0.00 ms.
Mono: successfully reloaded assembly
- Completed reload, in  2.119 seconds
Platform modules already initialized, skipping
Refreshing native plugins compatible for Editor in 1.45 ms, found 3 plugins.
Preloading 0 native plugins for Editor in 0.00 ms.
Unloading 2081 Unused Serialized files (Serialized files now loaded: 0)
System memory in use before: 93.2 MB.
System memory in use after: 93.2 MB.

Unloading 21 unused Assets to reduce memory usage. Loaded Objects now: 2573.
Total: 4.275400 ms (FindLiveObjects: 0.322900 ms CreateObjectMapping: 0.198700 ms MarkObjects: 3.577300 ms  DeleteObjects: 0.174600 ms)

AssetImportParameters requested are different than current active one (requested -> active):
  custom:framework-win-MediaFoundation: 216162199b28c13a410421893ffa2e32 -> 
  custom:video-decoder-ogg-theora: a1e56fd34408186e4bbccfd4996cb3dc -> 
  custom:container-muxer-webm: aa71ff27fc2769a1b78a27578f13a17b -> 
  custom:container-demuxer-webm: 4f35f7cbe854078d1ac9338744f61a02 -> 
  custom:container-demuxer-ogg: 62fdf1f143b41e24485cea50d1cbac27 -> 
  custom:video-encoder-webm-vp8: eb34c28f22e8b96e1ab97ce403110664 -> 
  custom:video-decoder-webm-vp8: 9c59270c3fd7afecdb556c50c9e8de78 -> 
  custom:audio-decoder-ogg-vorbis: bf7c407c2cedff20999df2af8eb42d56 -> 
  custom:audio-encoder-webm-vorbis: bf7c407c2cedff20999df2af8eb42d56 -> 
========================================================================
Received Prepare
Registering precompiled user dll's ...
Registered in 0.006349 seconds.
Begin MonoManager ReloadAssembly
Native extension for WindowsStandalone target not found
Native extension for WebGL target not found
Refreshing native plugins compatible for Editor in 0.81 ms, found 3 plugins.
Preloading 0 native plugins for Editor in 0.00 ms.
Mono: successfully reloaded assembly
- Completed reload, in  2.198 seconds
Platform modules already initialized, skipping
Refreshing native plugins compatible for Editor in 0.66 ms, found 3 plugins.
Preloading 0 native plugins for Editor in 0.00 ms.
Unloading 2081 Unused Serialized files (Serialized files now loaded: 0)
System memory in use before: 93.3 MB.
System memory in use after: 93.2 MB.

Unloading 21 unused Assets to reduce memory usage. Loaded Objects now: 2577.
Total: 4.645200 ms (FindLiveObjects: 0.296100 ms CreateObjectMapping: 0.149700 ms MarkObjects: 4.005200 ms  DeleteObjects: 0.192000 ms)

AssetImportParameters requested are different than current active one (requested -> active):
  custom:framework-win-MediaFoundation: 216162199b28c13a410421893ffa2e32 -> 
  custom:video-decoder-ogg-theora: a1e56fd34408186e4bbccfd4996cb3dc -> 
  custom:container-muxer-webm: aa71ff27fc2769a1b78a27578f13a17b -> 
  custom:container-demuxer-webm: 4f35f7cbe854078d1ac9338744f61a02 -> 
  custom:container-demuxer-ogg: 62fdf1f143b41e24485cea50d1cbac27 -> 
  custom:video-encoder-webm-vp8: eb34c28f22e8b96e1ab97ce403110664 -> 
  custom:video-decoder-webm-vp8: 9c59270c3fd7afecdb556c50c9e8de78 -> 
  custom:audio-decoder-ogg-vorbis: bf7c407c2cedff20999df2af8eb42d56 -> 
  custom:audio-encoder-webm-vorbis: bf7c407c2cedff20999df2af8eb42d56 -> 
========================================================================
Received Prepare
Registering precompiled user dll's ...
Registered in 0.016660 seconds.
Begin MonoManager ReloadAssembly
Native extension for WindowsStandalone target not found
Native extension for WebGL target not found
Refreshing native plugins compatible for Editor in 0.71 ms, found 3 plugins.
Preloading 0 native plugins for Editor in 0.00 ms.
Mono: successfully reloaded assembly
- Completed reload, in  3.676 seconds
Platform modules already initialized, skipping
Refreshing native plugins compatible for Editor in 0.69 ms, found 3 plugins.
Preloading 0 native plugins for Editor in 0.00 ms.
Unloading 2081 Unused Serialized files (Serialized files now loaded: 0)
System memory in use before: 93.3 MB.
System memory in use after: 93.2 MB.

Unloading 21 unused Assets to reduce memory usage. Loaded Objects now: 2581.
Total: 3.804800 ms (FindLiveObjects: 0.302600 ms CreateObjectMapping: 0.172300 ms MarkObjects: 3.144600 ms  DeleteObjects: 0.183300 ms)

AssetImportParameters requested are different than current active one (requested -> active):
  custom:framework-win-MediaFoundation: 216162199b28c13a410421893ffa2e32 -> 
  custom:video-decoder-ogg-theora: a1e56fd34408186e4bbccfd4996cb3dc -> 
  custom:container-muxer-webm: aa71ff27fc2769a1b78a27578f13a17b -> 
  custom:container-demuxer-webm: 4f35f7cbe854078d1ac9338744f61a02 -> 
  custom:container-demuxer-ogg: 62fdf1f143b41e24485cea50d1cbac27 -> 
  custom:video-encoder-webm-vp8: eb34c28f22e8b96e1ab97ce403110664 -> 
  custom:video-decoder-webm-vp8: 9c59270c3fd7afecdb556c50c9e8de78 -> 
  custom:audio-decoder-ogg-vorbis: bf7c407c2cedff20999df2af8eb42d56 -> 
  custom:audio-encoder-webm-vorbis: bf7c407c2cedff20999df2af8eb42d56 -> 
========================================================================
Received Prepare
Registering precompiled user dll's ...
Registered in 0.009651 seconds.
Begin MonoManager ReloadAssembly
Native extension for WindowsStandalone target not found
Native extension for WebGL target not found
Refreshing native plugins compatible for Editor in 0.66 ms, found 3 plugins.
Preloading 0 native plugins for Editor in 0.00 ms.
Mono: successfully reloaded assembly
- Completed reload, in  2.122 seconds
Platform modules already initialized, skipping
Refreshing native plugins compatible for Editor in 0.68 ms, found 3 plugins.
Preloading 0 native plugins for Editor in 0.00 ms.
Unloading 2081 Unused Serialized files (Serialized files now loaded: 0)
System memory in use before: 93.3 MB.
System memory in use after: 93.3 MB.

Unloading 21 unused Assets to reduce memory usage. Loaded Objects now: 2585.
Total: 4.081700 ms (FindLiveObjects: 0.421500 ms CreateObjectMapping: 0.191500 ms MarkObjects: 3.297200 ms  DeleteObjects: 0.170000 ms)

AssetImportParameters requested are different than current active one (requested -> active):
  custom:framework-win-MediaFoundation: 216162199b28c13a410421893ffa2e32 -> 
  custom:video-decoder-ogg-theora: a1e56fd34408186e4bbccfd4996cb3dc -> 
  custom:container-muxer-webm: aa71ff27fc2769a1b78a27578f13a17b -> 
  custom:container-demuxer-webm: 4f35f7cbe854078d1ac9338744f61a02 -> 
  custom:container-demuxer-ogg: 62fdf1f143b41e24485cea50d1cbac27 -> 
  custom:video-encoder-webm-vp8: eb34c28f22e8b96e1ab97ce403110664 -> 
  custom:video-decoder-webm-vp8: 9c59270c3fd7afecdb556c50c9e8de78 -> 
  custom:audio-decoder-ogg-vorbis: bf7c407c2cedff20999df2af8eb42d56 -> 
  custom:audio-encoder-webm-vorbis: bf7c407c2cedff20999df2af8eb42d56 -> 
========================================================================
Received Prepare
Registering precompiled user dll's ...
Registered in 0.007415 seconds.
Begin MonoManager ReloadAssembly
Native extension for WindowsStandalone target not found
Native extension for WebGL target not found
Refreshing native plugins compatible for Editor in 0.69 ms, found 3 plugins.
Preloading 0 native plugins for Editor in 0.00 ms.
Mono: successfully reloaded assembly
- Completed reload, in  2.247 seconds
Platform modules already initialized, skipping
Refreshing native plugins compatible for Editor in 0.67 ms, found 3 plugins.
Preloading 0 native plugins for Editor in 0.00 ms.
Unloading 2081 Unused Serialized files (Serialized files now loaded: 0)
System memory in use before: 93.3 MB.
System memory in use after: 93.3 MB.

Unloading 21 unused Assets to reduce memory usage. Loaded Objects now: 2589.
Total: 4.829400 ms (FindLiveObjects: 0.400000 ms CreateObjectMapping: 0.148000 ms MarkObjects: 4.097100 ms  DeleteObjects: 0.182200 ms)

AssetImportParameters requested are different than current active one (requested -> active):
  custom:framework-win-MediaFoundation: 216162199b28c13a410421893ffa2e32 -> 
  custom:video-decoder-ogg-theora: a1e56fd34408186e4bbccfd4996cb3dc -> 
  custom:container-muxer-webm: aa71ff27fc2769a1b78a27578f13a17b -> 
  custom:container-demuxer-webm: 4f35f7cbe854078d1ac9338744f61a02 -> 
  custom:container-demuxer-ogg: 62fdf1f143b41e24485cea50d1cbac27 -> 
  custom:video-encoder-webm-vp8: eb34c28f22e8b96e1ab97ce403110664 -> 
  custom:video-decoder-webm-vp8: 9c59270c3fd7afecdb556c50c9e8de78 -> 
  custom:audio-decoder-ogg-vorbis: bf7c407c2cedff20999df2af8eb42d56 -> 
  custom:audio-encoder-webm-vorbis: bf7c407c2cedff20999df2af8eb42d56 -> 
========================================================================
Received Prepare
Registering precompiled user dll's ...
Registered in 0.006043 seconds.
Begin MonoManager ReloadAssembly
Native extension for WindowsStandalone target not found
Native extension for WebGL target not found
Refreshing native plugins compatible for Editor in 0.76 ms, found 3 plugins.
Preloading 0 native plugins for Editor in 0.00 ms.
Mono: successfully reloaded assembly
- Completed reload, in  2.166 seconds
Platform modules already initialized, skipping
Refreshing native plugins compatible for Editor in 0.77 ms, found 3 plugins.
Preloading 0 native plugins for Editor in 0.00 ms.
Unloading 2081 Unused Serialized files (Serialized files now loaded: 0)
System memory in use before: 93.3 MB.
System memory in use after: 93.3 MB.

Unloading 21 unused Assets to reduce memory usage. Loaded Objects now: 2593.
Total: 6.898700 ms (FindLiveObjects: 0.529500 ms CreateObjectMapping: 0.207600 ms MarkObjects: 5.806400 ms  DeleteObjects: 0.352800 ms)

AssetImportParameters requested are different than current active one (requested -> active):
  custom:framework-win-MediaFoundation: 216162199b28c13a410421893ffa2e32 -> 
  custom:video-decoder-ogg-theora: a1e56fd34408186e4bbccfd4996cb3dc -> 
  custom:container-muxer-webm: aa71ff27fc2769a1b78a27578f13a17b -> 
  custom:container-demuxer-webm: 4f35f7cbe854078d1ac9338744f61a02 -> 
  custom:container-demuxer-ogg: 62fdf1f143b41e24485cea50d1cbac27 -> 
  custom:video-encoder-webm-vp8: eb34c28f22e8b96e1ab97ce403110664 -> 
  custom:video-decoder-webm-vp8: 9c59270c3fd7afecdb556c50c9e8de78 -> 
  custom:audio-decoder-ogg-vorbis: bf7c407c2cedff20999df2af8eb42d56 -> 
  custom:audio-encoder-webm-vorbis: bf7c407c2cedff20999df2af8eb42d56 -> 
========================================================================
Received Import Request.
  Time since last request: 14466.058466 seconds.
  path: Assets/Prefabs/Card2.prefab
  artifactKey: Guid(5649bbc8c5d6a014abbbe0120b5ec26a) Importer(815301076,1909f56bfc062723c751e8b465ee728b)
Start importing Assets/Prefabs/Card2.prefab using Guid(5649bbc8c5d6a014abbbe0120b5ec26a) Importer(815301076,1909f56bfc062723c751e8b465ee728b)  -> (artifact id: 'cb36fc5c13f52226cbc04f498d7e170b') in 0.084385 seconds 
  Import took 0.098277 seconds .

========================================================================
Received Import Request.
  Time since last request: 15.733380 seconds.
  path: Assets/Prefabs/Card2.prefab
  artifactKey: Guid(5649bbc8c5d6a014abbbe0120b5ec26a) Importer(815301076,1909f56bfc062723c751e8b465ee728b)
Start importing Assets/Prefabs/Card2.prefab using Guid(5649bbc8c5d6a014abbbe0120b5ec26a) Importer(815301076,1909f56bfc062723c751e8b465ee728b)  -> (artifact id: 'd81476f484cd349793b2b7a37f1494c8') in 0.034195 seconds 
  Import took 0.067004 seconds .

========================================================================
Received Import Request.
  Time since last request: 0.015252 seconds.
  path: Assets/Prefabs/Card2.prefab
  artifactKey: Guid(5649bbc8c5d6a014abbbe0120b5ec26a) Importer(815301076,1909f56bfc062723c751e8b465ee728b)
Start importing Assets/Prefabs/Card2.prefab using Guid(5649bbc8c5d6a014abbbe0120b5ec26a) Importer(815301076,1909f56bfc062723c751e8b465ee728b)  -> (artifact id: 'd81476f484cd349793b2b7a37f1494c8') in 0.026060 seconds 
  Import took 0.034112 seconds .

========================================================================
Received Import Request.
  Time since last request: 13.840979 seconds.
  path: Assets/Prefabs/Card2.prefab
  artifactKey: Guid(5649bbc8c5d6a014abbbe0120b5ec26a) Importer(815301076,1909f56bfc062723c751e8b465ee728b)
Start importing Assets/Prefabs/Card2.prefab using Guid(5649bbc8c5d6a014abbbe0120b5ec26a) Importer(815301076,1909f56bfc062723c751e8b465ee728b)  -> (artifact id: 'ae76d8fa4b8019421a9ed7c7e80aae26') in 0.009140 seconds 
  Import took 0.017940 seconds .

========================================================================
Received Import Request.
  Time since last request: 3.225242 seconds.
  path: Assets/Prefabs/Card2.prefab
  artifactKey: Guid(5649bbc8c5d6a014abbbe0120b5ec26a) Importer(815301076,1909f56bfc062723c751e8b465ee728b)
Start importing Assets/Prefabs/Card2.prefab using Guid(5649bbc8c5d6a014abbbe0120b5ec26a) Importer(815301076,1909f56bfc062723c751e8b465ee728b)  -> (artifact id: '8c8500a01ad89e89fdae1bc3a9e9af71') in 0.006569 seconds 
  Import took 0.019963 seconds .

========================================================================
Received Import Request.
  Time since last request: 13.806722 seconds.
  path: Assets/Prefabs/Card2.prefab
  artifactKey: Guid(5649bbc8c5d6a014abbbe0120b5ec26a) Importer(815301076,1909f56bfc062723c751e8b465ee728b)
Start importing Assets/Prefabs/Card2.prefab using Guid(5649bbc8c5d6a014abbbe0120b5ec26a) Importer(815301076,1909f56bfc062723c751e8b465ee728b)  -> (artifact id: '894d13a0cd02a99cdfcc4d5fd69c10e7') in 0.009386 seconds 
  Import took 0.017395 seconds .

========================================================================
Received Import Request.
  Time since last request: 5.720087 seconds.
  path: Assets/Prefabs/Card2.prefab
  artifactKey: Guid(5649bbc8c5d6a014abbbe0120b5ec26a) Importer(815301076,1909f56bfc062723c751e8b465ee728b)
Start importing Assets/Prefabs/Card2.prefab using Guid(5649bbc8c5d6a014abbbe0120b5ec26a) Importer(815301076,1909f56bfc062723c751e8b465ee728b)  -> (artifact id: 'e9e9a8a8587172c1a4f40ff0720e472e') in 0.010028 seconds 
  Import took 0.019899 seconds .

========================================================================
Received Import Request.
  Time since last request: 5.692315 seconds.
  path: Assets/Prefabs/Card2.prefab
  artifactKey: Guid(5649bbc8c5d6a014abbbe0120b5ec26a) Importer(815301076,1909f56bfc062723c751e8b465ee728b)
Start importing Assets/Prefabs/Card2.prefab using Guid(5649bbc8c5d6a014abbbe0120b5ec26a) Importer(815301076,1909f56bfc062723c751e8b465ee728b)  -> (artifact id: '12acaa912f98edd3c259cfd1fe61a363') in 0.006581 seconds 
  Import took 0.016684 seconds .

========================================================================
Received Import Request.
  Time since last request: 4.015374 seconds.
  path: Assets/Prefabs/Card2.prefab
  artifactKey: Guid(5649bbc8c5d6a014abbbe0120b5ec26a) Importer(815301076,1909f56bfc062723c751e8b465ee728b)
Start importing Assets/Prefabs/Card2.prefab using Guid(5649bbc8c5d6a014abbbe0120b5ec26a) Importer(815301076,1909f56bfc062723c751e8b465ee728b)  -> (artifact id: 'f63e31686d3ad58d7b54c82a14e870fb') in 0.009052 seconds 
  Import took 0.017824 seconds .

========================================================================
Received Import Request.
  Time since last request: 18.294760 seconds.
  path: Assets/Prefabs/Card2.prefab
  artifactKey: Guid(5649bbc8c5d6a014abbbe0120b5ec26a) Importer(815301076,1909f56bfc062723c751e8b465ee728b)
Start importing Assets/Prefabs/Card2.prefab using Guid(5649bbc8c5d6a014abbbe0120b5ec26a) Importer(815301076,1909f56bfc062723c751e8b465ee728b)  -> (artifact id: 'd7bcc48467e731d980f93ada6a1c32d6') in 0.006366 seconds 
  Import took 0.015090 seconds .

========================================================================
Received Import Request.
  Time since last request: 3.739217 seconds.
  path: Assets/Prefabs/Card2.prefab
  artifactKey: Guid(5649bbc8c5d6a014abbbe0120b5ec26a) Importer(815301076,1909f56bfc062723c751e8b465ee728b)
Start importing Assets/Prefabs/Card2.prefab using Guid(5649bbc8c5d6a014abbbe0120b5ec26a) Importer(815301076,1909f56bfc062723c751e8b465ee728b)  -> (artifact id: '2231f98a366e417b5b7278fe1287d800') in 0.010510 seconds 
  Import took 0.017888 seconds .

========================================================================
Received Import Request.
  Time since last request: 31.601218 seconds.
  path: Assets/Prefabs/Card2.prefab
  artifactKey: Guid(5649bbc8c5d6a014abbbe0120b5ec26a) Importer(815301076,1909f56bfc062723c751e8b465ee728b)
Start importing Assets/Prefabs/Card2.prefab using Guid(5649bbc8c5d6a014abbbe0120b5ec26a) Importer(815301076,1909f56bfc062723c751e8b465ee728b)  -> (artifact id: 'bb1e97e3c6acc1f053184bd68b69e37b') in 0.016787 seconds 
  Import took 0.036696 seconds .

========================================================================
Received Import Request.
  Time since last request: 51.734784 seconds.
  path: Assets/Prefabs/Card2.prefab
  artifactKey: Guid(5649bbc8c5d6a014abbbe0120b5ec26a) Importer(815301076,1909f56bfc062723c751e8b465ee728b)
Start importing Assets/Prefabs/Card2.prefab using Guid(5649bbc8c5d6a014abbbe0120b5ec26a) Importer(815301076,1909f56bfc062723c751e8b465ee728b)  -> (artifact id: '60976fe886b6e47f0d8bb48da1c48499') in 0.007985 seconds 
  Import took 0.023088 seconds .

========================================================================
Received Import Request.
  Time since last request: 11.461941 seconds.
  path: Assets/Prefabs/Card2.prefab
  artifactKey: Guid(5649bbc8c5d6a014abbbe0120b5ec26a) Importer(815301076,1909f56bfc062723c751e8b465ee728b)
Start importing Assets/Prefabs/Card2.prefab using Guid(5649bbc8c5d6a014abbbe0120b5ec26a) Importer(815301076,1909f56bfc062723c751e8b465ee728b)  -> (artifact id: 'bc10836b6c8904f0a3c46eff5aa75fff') in 0.011111 seconds 
  Import took 0.020890 seconds .

========================================================================
Received Import Request.
  Time since last request: 16.349159 seconds.
  path: Assets/Prefabs/Card2.prefab
  artifactKey: Guid(5649bbc8c5d6a014abbbe0120b5ec26a) Importer(815301076,1909f56bfc062723c751e8b465ee728b)
Start importing Assets/Prefabs/Card2.prefab using Guid(5649bbc8c5d6a014abbbe0120b5ec26a) Importer(815301076,1909f56bfc062723c751e8b465ee728b)  -> (artifact id: 'b1c37c067cc1b4a2831104b073735b84') in 0.017282 seconds 
  Import took 0.027385 seconds .

========================================================================
Received Import Request.
  Time since last request: 0.005689 seconds.
  path: Assets/Prefabs/Card2.prefab
  artifactKey: Guid(5649bbc8c5d6a014abbbe0120b5ec26a) Importer(815301076,1909f56bfc062723c751e8b465ee728b)
Start importing Assets/Prefabs/Card2.prefab using Guid(5649bbc8c5d6a014abbbe0120b5ec26a) Importer(815301076,1909f56bfc062723c751e8b465ee728b)  -> (artifact id: 'b1c37c067cc1b4a2831104b073735b84') in 0.007188 seconds 
  Import took 0.014219 seconds .

========================================================================
Received Import Request.
  Time since last request: 14.439951 seconds.
  path: Assets/Prefabs/Card2.prefab
  artifactKey: Guid(5649bbc8c5d6a014abbbe0120b5ec26a) Importer(815301076,1909f56bfc062723c751e8b465ee728b)
Start importing Assets/Prefabs/Card2.prefab using Guid(5649bbc8c5d6a014abbbe0120b5ec26a) Importer(815301076,1909f56bfc062723c751e8b465ee728b)  -> (artifact id: '7e8663459fd0dda0894b124d06d9bdd7') in 0.009397 seconds 
  Import took 0.020572 seconds .

========================================================================
Received Import Request.
  Time since last request: 4.627053 seconds.
  path: Assets/Prefabs/Card2.prefab
  artifactKey: Guid(5649bbc8c5d6a014abbbe0120b5ec26a) Importer(815301076,1909f56bfc062723c751e8b465ee728b)
Start importing Assets/Prefabs/Card2.prefab using Guid(5649bbc8c5d6a014abbbe0120b5ec26a) Importer(815301076,1909f56bfc062723c751e8b465ee728b)  -> (artifact id: '1475f0bb6c406f00e4cf161be8ef8472') in 0.008733 seconds 
  Import took 0.020039 seconds .

========================================================================
Received Import Request.
  Time since last request: 0.004722 seconds.
  path: Assets/Prefabs/Card2.prefab
  artifactKey: Guid(5649bbc8c5d6a014abbbe0120b5ec26a) Importer(815301076,1909f56bfc062723c751e8b465ee728b)
Start importing Assets/Prefabs/Card2.prefab using Guid(5649bbc8c5d6a014abbbe0120b5ec26a) Importer(815301076,1909f56bfc062723c751e8b465ee728b)  -> (artifact id: '1475f0bb6c406f00e4cf161be8ef8472') in 0.006196 seconds 
  Import took 0.014982 seconds .

========================================================================
Received Import Request.
  Time since last request: 12.030625 seconds.
  path: Assets/Prefabs/Card2.prefab
  artifactKey: Guid(5649bbc8c5d6a014abbbe0120b5ec26a) Importer(815301076,1909f56bfc062723c751e8b465ee728b)
Start importing Assets/Prefabs/Card2.prefab using Guid(5649bbc8c5d6a014abbbe0120b5ec26a) Importer(815301076,1909f56bfc062723c751e8b465ee728b)  -> (artifact id: '81f1745047ca0875926a1de3a8e66190') in 0.008398 seconds 
  Import took 0.021254 seconds .

========================================================================
Received Import Request.
  Time since last request: 0.833519 seconds.
  path: Assets/Prefabs/Card2.prefab
  artifactKey: Guid(5649bbc8c5d6a014abbbe0120b5ec26a) Importer(815301076,1909f56bfc062723c751e8b465ee728b)
Start importing Assets/Prefabs/Card2.prefab using Guid(5649bbc8c5d6a014abbbe0120b5ec26a) Importer(815301076,1909f56bfc062723c751e8b465ee728b)  -> (artifact id: '6f42908d25b994639317bbf4a14a61ba') in 0.009924 seconds 
  Import took 0.018059 seconds .

========================================================================
Received Import Request.
  Time since last request: 0.407111 seconds.
  path: Assets/Prefabs/Card2.prefab
  artifactKey: Guid(5649bbc8c5d6a014abbbe0120b5ec26a) Importer(815301076,1909f56bfc062723c751e8b465ee728b)
Start importing Assets/Prefabs/Card2.prefab using Guid(5649bbc8c5d6a014abbbe0120b5ec26a) Importer(815301076,1909f56bfc062723c751e8b465ee728b)  -> (artifact id: '0ad14669fc35c59fc7d9bc89224d5a51') in 0.008182 seconds 
  Import took 0.018080 seconds .

========================================================================
Received Import Request.
  Time since last request: 53.208769 seconds.
  path: ProjectSettings/TagManager.asset
  artifactKey: Guid(00000000000000003000000000000000) Importer(815301076,1909f56bfc062723c751e8b465ee728b)
Start importing ProjectSettings/TagManager.asset using Guid(00000000000000003000000000000000) Importer(815301076,1909f56bfc062723c751e8b465ee728b)  -> (artifact id: '95df672b4aaba54310d34c83eef51bb8') in 0.033107 seconds 
  Import took 0.046729 seconds .

========================================================================
Received Import Request.
  Time since last request: 49.352112 seconds.
  path: Assets/Prefabs/Card2.prefab
  artifactKey: Guid(5649bbc8c5d6a014abbbe0120b5ec26a) Importer(815301076,1909f56bfc062723c751e8b465ee728b)
Start importing Assets/Prefabs/Card2.prefab using Guid(5649bbc8c5d6a014abbbe0120b5ec26a) Importer(815301076,1909f56bfc062723c751e8b465ee728b)  -> (artifact id: '11c95a9cffd4c3cef06645daebbb7b38') in 0.010342 seconds 
  Import took 0.021941 seconds .

========================================================================
Received Prepare
Registering precompiled user dll's ...
Registered in 0.006227 seconds.
Begin MonoManager ReloadAssembly
Native extension for WindowsStandalone target not found
Native extension for WebGL target not found
Refreshing native plugins compatible for Editor in 0.71 ms, found 3 plugins.
Preloading 0 native plugins for Editor in 0.00 ms.
Mono: successfully reloaded assembly
- Completed reload, in  2.022 seconds
Platform modules already initialized, skipping
Refreshing native plugins compatible for Editor in 0.68 ms, found 3 plugins.
Preloading 0 native plugins for Editor in 0.00 ms.
Unloading 2081 Unused Serialized files (Serialized files now loaded: 0)
System memory in use before: 93.3 MB.
System memory in use after: 93.3 MB.

Unloading 22 unused Assets to reduce memory usage. Loaded Objects now: 2597.
Total: 4.583800 ms (FindLiveObjects: 0.337800 ms CreateObjectMapping: 0.129000 ms MarkObjects: 3.938500 ms  DeleteObjects: 0.177100 ms)

AssetImportParameters requested are different than current active one (requested -> active):
  custom:framework-win-MediaFoundation: 216162199b28c13a410421893ffa2e32 -> 
  custom:video-decoder-ogg-theora: a1e56fd34408186e4bbccfd4996cb3dc -> 
  custom:container-muxer-webm: aa71ff27fc2769a1b78a27578f13a17b -> 
  custom:container-demuxer-webm: 4f35f7cbe854078d1ac9338744f61a02 -> 
  custom:container-demuxer-ogg: 62fdf1f143b41e24485cea50d1cbac27 -> 
  custom:video-encoder-webm-vp8: eb34c28f22e8b96e1ab97ce403110664 -> 
  custom:video-decoder-webm-vp8: 9c59270c3fd7afecdb556c50c9e8de78 -> 
  custom:audio-decoder-ogg-vorbis: bf7c407c2cedff20999df2af8eb42d56 -> 
  custom:audio-encoder-webm-vorbis: bf7c407c2cedff20999df2af8eb42d56 -> 
========================================================================
Received Prepare
Registering precompiled user dll's ...
Registered in 0.005964 seconds.
Begin MonoManager ReloadAssembly
Native extension for WindowsStandalone target not found
Native extension for WebGL target not found
Refreshing native plugins compatible for Editor in 1.52 ms, found 3 plugins.
Preloading 0 native plugins for Editor in 0.00 ms.
Mono: successfully reloaded assembly
- Completed reload, in  2.172 seconds
Platform modules already initialized, skipping
Refreshing native plugins compatible for Editor in 0.72 ms, found 3 plugins.
Preloading 0 native plugins for Editor in 0.00 ms.
Unloading 2081 Unused Serialized files (Serialized files now loaded: 0)
System memory in use before: 93.3 MB.
System memory in use after: 93.3 MB.

Unloading 21 unused Assets to reduce memory usage. Loaded Objects now: 2601.
Total: 5.922500 ms (FindLiveObjects: 0.447700 ms CreateObjectMapping: 0.253600 ms MarkObjects: 4.996800 ms  DeleteObjects: 0.222400 ms)

AssetImportParameters requested are different than current active one (requested -> active):
  custom:framework-win-MediaFoundation: 216162199b28c13a410421893ffa2e32 -> 
  custom:video-decoder-ogg-theora: a1e56fd34408186e4bbccfd4996cb3dc -> 
  custom:container-muxer-webm: aa71ff27fc2769a1b78a27578f13a17b -> 
  custom:container-demuxer-webm: 4f35f7cbe854078d1ac9338744f61a02 -> 
  custom:container-demuxer-ogg: 62fdf1f143b41e24485cea50d1cbac27 -> 
  custom:video-encoder-webm-vp8: eb34c28f22e8b96e1ab97ce403110664 -> 
  custom:video-decoder-webm-vp8: 9c59270c3fd7afecdb556c50c9e8de78 -> 
  custom:audio-decoder-ogg-vorbis: bf7c407c2cedff20999df2af8eb42d56 -> 
  custom:audio-encoder-webm-vorbis: bf7c407c2cedff20999df2af8eb42d56 -> 
========================================================================
Received Prepare
Registering precompiled user dll's ...
Registered in 0.006101 seconds.
Begin MonoManager ReloadAssembly
Native extension for WindowsStandalone target not found
Native extension for WebGL target not found
Refreshing native plugins compatible for Editor in 0.70 ms, found 3 plugins.
Preloading 0 native plugins for Editor in 0.00 ms.
Mono: successfully reloaded assembly
- Completed reload, in  1.973 seconds
Platform modules already initialized, skipping
Refreshing native plugins compatible for Editor in 0.67 ms, found 3 plugins.
Preloading 0 native plugins for Editor in 0.00 ms.
Unloading 2081 Unused Serialized files (Serialized files now loaded: 0)
System memory in use before: 93.3 MB.
System memory in use after: 93.3 MB.

Unloading 21 unused Assets to reduce memory usage. Loaded Objects now: 2605.
Total: 4.691200 ms (FindLiveObjects: 0.314500 ms CreateObjectMapping: 0.133700 ms MarkObjects: 4.068100 ms  DeleteObjects: 0.173100 ms)

AssetImportParameters requested are different than current active one (requested -> active):
  custom:framework-win-MediaFoundation: 216162199b28c13a410421893ffa2e32 -> 
  custom:video-decoder-ogg-theora: a1e56fd34408186e4bbccfd4996cb3dc -> 
  custom:container-muxer-webm: aa71ff27fc2769a1b78a27578f13a17b -> 
  custom:container-demuxer-webm: 4f35f7cbe854078d1ac9338744f61a02 -> 
  custom:container-demuxer-ogg: 62fdf1f143b41e24485cea50d1cbac27 -> 
  custom:video-encoder-webm-vp8: eb34c28f22e8b96e1ab97ce403110664 -> 
  custom:video-decoder-webm-vp8: 9c59270c3fd7afecdb556c50c9e8de78 -> 
  custom:audio-decoder-ogg-vorbis: bf7c407c2cedff20999df2af8eb42d56 -> 
  custom:audio-encoder-webm-vorbis: bf7c407c2cedff20999df2af8eb42d56 -> 
========================================================================
Received Import Request.
  Time since last request: 206.313986 seconds.
  path: Assets/Prefabs/Card1.prefab
  artifactKey: Guid(fef65caeb220d2745a40df00233857f4) Importer(815301076,1909f56bfc062723c751e8b465ee728b)
Start importing Assets/Prefabs/Card1.prefab using Guid(fef65caeb220d2745a40df00233857f4) Importer(815301076,1909f56bfc062723c751e8b465ee728b)  -> (artifact id: '872c10342cbe82238c4b950ebe931fe7') in 0.078481 seconds 
  Import took 0.091762 seconds .

========================================================================
Received Import Request.
  Time since last request: 0.111356 seconds.
  path: Assets/Prefabs/Card1.prefab
  artifactKey: Guid(fef65caeb220d2745a40df00233857f4) Importer(815301076,1909f56bfc062723c751e8b465ee728b)
Start importing Assets/Prefabs/Card1.prefab using Guid(fef65caeb220d2745a40df00233857f4) Importer(815301076,1909f56bfc062723c751e8b465ee728b)  -> (artifact id: '872c10342cbe82238c4b950ebe931fe7') in 0.005481 seconds 
  Import took 0.012171 seconds .

========================================================================
Received Prepare
Registering precompiled user dll's ...
Registered in 0.006857 seconds.
Begin MonoManager ReloadAssembly
Native extension for WindowsStandalone target not found
Native extension for WebGL target not found
Refreshing native plugins compatible for Editor in 0.86 ms, found 3 plugins.
Preloading 0 native plugins for Editor in 0.00 ms.
Mono: successfully reloaded assembly
- Completed reload, in  2.056 seconds
Platform modules already initialized, skipping
Refreshing native plugins compatible for Editor in 0.65 ms, found 3 plugins.
Preloading 0 native plugins for Editor in 0.00 ms.
Unloading 2081 Unused Serialized files (Serialized files now loaded: 0)
System memory in use before: 93.3 MB.
System memory in use after: 93.3 MB.

Unloading 21 unused Assets to reduce memory usage. Loaded Objects now: 2609.
Total: 5.244300 ms (FindLiveObjects: 0.320100 ms CreateObjectMapping: 0.136100 ms MarkObjects: 4.596300 ms  DeleteObjects: 0.189500 ms)

AssetImportParameters requested are different than current active one (requested -> active):
  custom:framework-win-MediaFoundation: 216162199b28c13a410421893ffa2e32 -> 
  custom:video-decoder-ogg-theora: a1e56fd34408186e4bbccfd4996cb3dc -> 
  custom:container-muxer-webm: aa71ff27fc2769a1b78a27578f13a17b -> 
  custom:container-demuxer-webm: 4f35f7cbe854078d1ac9338744f61a02 -> 
  custom:container-demuxer-ogg: 62fdf1f143b41e24485cea50d1cbac27 -> 
  custom:video-encoder-webm-vp8: eb34c28f22e8b96e1ab97ce403110664 -> 
  custom:video-decoder-webm-vp8: 9c59270c3fd7afecdb556c50c9e8de78 -> 
  custom:audio-decoder-ogg-vorbis: bf7c407c2cedff20999df2af8eb42d56 -> 
  custom:audio-encoder-webm-vorbis: bf7c407c2cedff20999df2af8eb42d56 -> 
========================================================================
Received Prepare
Registering precompiled user dll's ...
Registered in 0.007420 seconds.
Begin MonoManager ReloadAssembly
Native extension for WindowsStandalone target not found
Native extension for WebGL target not found
Refreshing native plugins compatible for Editor in 0.77 ms, found 3 plugins.
Preloading 0 native plugins for Editor in 0.00 ms.
Mono: successfully reloaded assembly
- Completed reload, in  4.802 seconds
Platform modules already initialized, skipping
Refreshing native plugins compatible for Editor in 0.66 ms, found 3 plugins.
Preloading 0 native plugins for Editor in 0.00 ms.
Unloading 2081 Unused Serialized files (Serialized files now loaded: 0)
System memory in use before: 93.4 MB.
System memory in use after: 93.3 MB.

Unloading 21 unused Assets to reduce memory usage. Loaded Objects now: 2613.
Total: 4.799900 ms (FindLiveObjects: 0.313300 ms CreateObjectMapping: 0.168300 ms MarkObjects: 4.119900 ms  DeleteObjects: 0.196600 ms)

AssetImportParameters requested are different than current active one (requested -> active):
  custom:framework-win-MediaFoundation: 216162199b28c13a410421893ffa2e32 -> 
  custom:video-decoder-ogg-theora: a1e56fd34408186e4bbccfd4996cb3dc -> 
  custom:container-muxer-webm: aa71ff27fc2769a1b78a27578f13a17b -> 
  custom:container-demuxer-webm: 4f35f7cbe854078d1ac9338744f61a02 -> 
  custom:container-demuxer-ogg: 62fdf1f143b41e24485cea50d1cbac27 -> 
  custom:video-encoder-webm-vp8: eb34c28f22e8b96e1ab97ce403110664 -> 
  custom:video-decoder-webm-vp8: 9c59270c3fd7afecdb556c50c9e8de78 -> 
  custom:audio-decoder-ogg-vorbis: bf7c407c2cedff20999df2af8eb42d56 -> 
  custom:audio-encoder-webm-vorbis: bf7c407c2cedff20999df2af8eb42d56 -> 
========================================================================
Received Prepare
Registering precompiled user dll's ...
Registered in 0.007551 seconds.
Begin MonoManager ReloadAssembly
Native extension for WindowsStandalone target not found
Native extension for WebGL target not found
Refreshing native plugins compatible for Editor in 0.68 ms, found 3 plugins.
Preloading 0 native plugins for Editor in 0.00 ms.
Mono: successfully reloaded assembly
- Completed reload, in  2.047 seconds
Platform modules already initialized, skipping
Refreshing native plugins compatible for Editor in 0.69 ms, found 3 plugins.
Preloading 0 native plugins for Editor in 0.00 ms.
Unloading 2081 Unused Serialized files (Serialized files now loaded: 0)
System memory in use before: 93.4 MB.
System memory in use after: 93.3 MB.

Unloading 21 unused Assets to reduce memory usage. Loaded Objects now: 2617.
Total: 5.613100 ms (FindLiveObjects: 0.471500 ms CreateObjectMapping: 0.195000 ms MarkObjects: 4.702600 ms  DeleteObjects: 0.241500 ms)

AssetImportParameters requested are different than current active one (requested -> active):
  custom:framework-win-MediaFoundation: 216162199b28c13a410421893ffa2e32 -> 
  custom:video-decoder-ogg-theora: a1e56fd34408186e4bbccfd4996cb3dc -> 
  custom:container-muxer-webm: aa71ff27fc2769a1b78a27578f13a17b -> 
  custom:container-demuxer-webm: 4f35f7cbe854078d1ac9338744f61a02 -> 
  custom:container-demuxer-ogg: 62fdf1f143b41e24485cea50d1cbac27 -> 
  custom:video-encoder-webm-vp8: eb34c28f22e8b96e1ab97ce403110664 -> 
  custom:video-decoder-webm-vp8: 9c59270c3fd7afecdb556c50c9e8de78 -> 
  custom:audio-decoder-ogg-vorbis: bf7c407c2cedff20999df2af8eb42d56 -> 
  custom:audio-encoder-webm-vorbis: bf7c407c2cedff20999df2af8eb42d56 -> 
========================================================================
Received Prepare
Registering precompiled user dll's ...
Registered in 0.067712 seconds.
Begin MonoManager ReloadAssembly
Native extension for WindowsStandalone target not found
Native extension for WebGL target not found
Refreshing native plugins compatible for Editor in 0.67 ms, found 3 plugins.
Preloading 0 native plugins for Editor in 0.00 ms.
Mono: successfully reloaded assembly
- Completed reload, in  2.519 seconds
Platform modules already initialized, skipping
Refreshing native plugins compatible for Editor in 2.03 ms, found 3 plugins.
Preloading 0 native plugins for Editor in 0.00 ms.
Unloading 2081 Unused Serialized files (Serialized files now loaded: 0)
System memory in use before: 93.4 MB.
System memory in use after: 93.4 MB.

Unloading 21 unused Assets to reduce memory usage. Loaded Objects now: 2621.
Total: 3.782100 ms (FindLiveObjects: 0.313100 ms CreateObjectMapping: 0.157500 ms MarkObjects: 3.133500 ms  DeleteObjects: 0.176000 ms)

AssetImportParameters requested are different than current active one (requested -> active):
  custom:framework-win-MediaFoundation: 216162199b28c13a410421893ffa2e32 -> 
  custom:video-decoder-ogg-theora: a1e56fd34408186e4bbccfd4996cb3dc -> 
  custom:container-muxer-webm: aa71ff27fc2769a1b78a27578f13a17b -> 
  custom:container-demuxer-webm: 4f35f7cbe854078d1ac9338744f61a02 -> 
  custom:container-demuxer-ogg: 62fdf1f143b41e24485cea50d1cbac27 -> 
  custom:video-encoder-webm-vp8: eb34c28f22e8b96e1ab97ce403110664 -> 
  custom:video-decoder-webm-vp8: 9c59270c3fd7afecdb556c50c9e8de78 -> 
  custom:audio-decoder-ogg-vorbis: bf7c407c2cedff20999df2af8eb42d56 -> 
  custom:audio-encoder-webm-vorbis: bf7c407c2cedff20999df2af8eb42d56 -> 
========================================================================
Received Import Request.
  Time since last request: 955.634328 seconds.
  path: Assets/Scripts/Take.cs
  artifactKey: Guid(3febee3f5409e6842b3c31af6b62dbab) Importer(815301076,1909f56bfc062723c751e8b465ee728b)
Start importing Assets/Scripts/Take.cs using Guid(3febee3f5409e6842b3c31af6b62dbab) Importer(815301076,1909f56bfc062723c751e8b465ee728b)  -> (artifact id: 'a12c90aa32871fea53637e1c7ad99662') in 0.048907 seconds 
  Import took 0.056867 seconds .

========================================================================
Received Import Request.
  Time since last request: 19.420561 seconds.
  path: Assets/Scripts/DrawCards.cs
  artifactKey: Guid(f4827f77623c9254bb2d071287c7758b) Importer(815301076,1909f56bfc062723c751e8b465ee728b)
Start importing Assets/Scripts/DrawCards.cs using Guid(f4827f77623c9254bb2d071287c7758b) Importer(815301076,1909f56bfc062723c751e8b465ee728b)  -> (artifact id: 'f41a4abbdeacc91f9572ed991c27de75') in 0.101990 seconds 
  Import took 0.110039 seconds .

========================================================================
Received Prepare
Registering precompiled user dll's ...
Registered in 0.010468 seconds.
Begin MonoManager ReloadAssembly
Native extension for WindowsStandalone target not found
Native extension for WebGL target not found
Refreshing native plugins compatible for Editor in 0.67 ms, found 3 plugins.
Preloading 0 native plugins for Editor in 0.00 ms.
Mono: successfully reloaded assembly
- Completed reload, in  2.649 seconds
Platform modules already initialized, skipping
Refreshing native plugins compatible for Editor in 0.68 ms, found 3 plugins.
Preloading 0 native plugins for Editor in 0.00 ms.
Unloading 2081 Unused Serialized files (Serialized files now loaded: 0)
System memory in use before: 93.4 MB.
System memory in use after: 93.4 MB.

Unloading 21 unused Assets to reduce memory usage. Loaded Objects now: 2625.
Total: 4.586500 ms (FindLiveObjects: 0.308000 ms CreateObjectMapping: 0.134600 ms MarkObjects: 3.957700 ms  DeleteObjects: 0.184400 ms)

AssetImportParameters requested are different than current active one (requested -> active):
  custom:framework-win-MediaFoundation: 216162199b28c13a410421893ffa2e32 -> 
  custom:video-decoder-ogg-theora: a1e56fd34408186e4bbccfd4996cb3dc -> 
  custom:container-muxer-webm: aa71ff27fc2769a1b78a27578f13a17b -> 
  custom:container-demuxer-webm: 4f35f7cbe854078d1ac9338744f61a02 -> 
  custom:container-demuxer-ogg: 62fdf1f143b41e24485cea50d1cbac27 -> 
  custom:video-encoder-webm-vp8: eb34c28f22e8b96e1ab97ce403110664 -> 
  custom:video-decoder-webm-vp8: 9c59270c3fd7afecdb556c50c9e8de78 -> 
  custom:audio-decoder-ogg-vorbis: bf7c407c2cedff20999df2af8eb42d56 -> 
  custom:audio-encoder-webm-vorbis: bf7c407c2cedff20999df2af8eb42d56 -> 
========================================================================
Received Import Request.
  Time since last request: 57.382580 seconds.
  path: Assets/Scripts/DrawCards.cs
  artifactKey: Guid(f4827f77623c9254bb2d071287c7758b) Importer(815301076,1909f56bfc062723c751e8b465ee728b)
Start importing Assets/Scripts/DrawCards.cs using Guid(f4827f77623c9254bb2d071287c7758b) Importer(815301076,1909f56bfc062723c751e8b465ee728b)  -> (artifact id: '599ab176e6f4c3b416a485865b6373a6') in 0.006618 seconds 
  Import took 0.016400 seconds .

========================================================================
Received Prepare
Registering precompiled user dll's ...
Registered in 0.009553 seconds.
Begin MonoManager ReloadAssembly
Native extension for WindowsStandalone target not found
Native extension for WebGL target not found
Refreshing native plugins compatible for Editor in 0.66 ms, found 3 plugins.
Preloading 0 native plugins for Editor in 0.00 ms.
Mono: successfully reloaded assembly
- Completed reload, in  1.947 seconds
Platform modules already initialized, skipping
Refreshing native plugins compatible for Editor in 0.67 ms, found 3 plugins.
Preloading 0 native plugins for Editor in 0.00 ms.
Unloading 2081 Unused Serialized files (Serialized files now loaded: 0)
System memory in use before: 93.4 MB.
System memory in use after: 93.4 MB.

Unloading 21 unused Assets to reduce memory usage. Loaded Objects now: 2629.
Total: 4.811100 ms (FindLiveObjects: 0.356900 ms CreateObjectMapping: 0.176200 ms MarkObjects: 4.087800 ms  DeleteObjects: 0.188100 ms)

AssetImportParameters requested are different than current active one (requested -> active):
  custom:framework-win-MediaFoundation: 216162199b28c13a410421893ffa2e32 -> 
  custom:video-decoder-ogg-theora: a1e56fd34408186e4bbccfd4996cb3dc -> 
  custom:container-muxer-webm: aa71ff27fc2769a1b78a27578f13a17b -> 
  custom:container-demuxer-webm: 4f35f7cbe854078d1ac9338744f61a02 -> 
  custom:container-demuxer-ogg: 62fdf1f143b41e24485cea50d1cbac27 -> 
  custom:video-encoder-webm-vp8: eb34c28f22e8b96e1ab97ce403110664 -> 
  custom:video-decoder-webm-vp8: 9c59270c3fd7afecdb556c50c9e8de78 -> 
  custom:audio-decoder-ogg-vorbis: bf7c407c2cedff20999df2af8eb42d56 -> 
  custom:audio-encoder-webm-vorbis: bf7c407c2cedff20999df2af8eb42d56 -> 
AssetImportWorkerClient::OnTransportError - code=2 error=End of file
